<?xml version="1.0" encoding="UTF-8"?>
<!-- Generated by org.testng.reporters.JUnitXMLReporter -->
<testsuite ignored="0" hostname="Ankush" failures="0" tests="2" name="Surefire test" time="35.967" errors="0" timestamp="26 Mar 2024 10:51:15 GMT">
  <testcase classname="Priyankaacademy.SeleniumFrameworkDesign.SubmitOrderTest" name="submitOrder" time="6.485"/>
  <testcase classname="Priyankaacademy.SeleniumFrameworkDesign.SubmitOrderTest" name="submitOrder" time="7.986"/>
</testsuite> <!-- Surefire test -->
