<?xml version="1.0" encoding="UTF-8"?>
<!-- Generated by org.testng.reporters.JUnitXMLReporter -->
<testsuite hostname="Ankush" ignored="0" name="Default test" tests="3" failures="0" timestamp="26 Mar 2024 16:26:55 GMT" time="0.45" errors="0">
  <testcase name="Interview" time="0.088" classname="Priyankaacademy.SeleniumFrameworkDesign.Question"/>
  <testcase name="Interviews" time="0.006" classname="Priyankaacademy.SeleniumFrameworkDesign.Question"/>
  <testcase name="Job" time="0.023" classname="Priyankaacademy.SeleniumFrameworkDesign.Question"/>
</testsuite> <!-- Default test -->
