<?xml version="1.0" encoding="UTF-8"?>
<!-- Generated by org.testng.reporters.JUnitXMLReporter -->
<testsuite hostname="Ankush" ignored="0" name="ErrorValidationsTest" tests="2" failures="1" timestamp="26 Mar 2024 15:49:01 GMT" time="67.146" errors="0">
  <testcase name="ErrorCode" time="5.495" classname="Priyankaacademy.SeleniumFrameworkDesign.ErrorValidations">
    <skipped/>
  </testcase> <!-- ErrorCode -->
  <testcase name="ErrorCode" time="3.746" classname="Priyankaacademy.SeleniumFrameworkDesign.ErrorValidations">
    <failure type="java.lang.AssertionError" message="expected [Incorrect email or password.] but found [Incorrect email  password.]">
      <![CDATA[java.lang.AssertionError: expected [Incorrect email or password.] but found [Incorrect email  password.]
at Priyankaacademy.SeleniumFrameworkDesign.ErrorValidations.ErrorCode(ErrorValidations.java:25)
at java.util.concurrent.FutureTask.run(Unknown Source)
at java.util.concurrent.ThreadPoolExecutor.runWorker(Unknown Source)
at java.util.concurrent.ThreadPoolExecutor$Worker.run(Unknown Source)
at java.lang.Thread.run(Unknown Source)
... Removed 22 stack frames]]>
    </failure>
  </testcase> <!-- ErrorCode -->
</testsuite> <!-- ErrorValidationsTest -->
