<?xml version="1.0" encoding="UTF-8"?>
<!-- Generated by org.testng.reporters.JUnitXMLReporter -->
<testsuite hostname="Ankush" ignored="0" name="SubmitOrderTest" tests="2" failures="0" timestamp="26 Mar 2024 15:49:28 GMT" time="94.902" errors="0">
  <testcase name="submitOrder" time="35.0" classname="Priyankaacademy.SeleniumFrameworkDesign.SubmitOrderTest"/>
  <testcase name="submitOrder" time="11.848" classname="Priyankaacademy.SeleniumFrameworkDesign.SubmitOrderTest"/>
</testsuite> <!-- SubmitOrderTest -->
