<?xml version="1.0" encoding="UTF-8"?>
<testng-results ignored="0" total="3" passed="2" failed="1" skipped="0">
  <reporter-output>
  </reporter-output>
  <suite started-at="2024-03-27T09:22:08Z" name="Suite" finished-at="2024-03-27T09:22:41Z" duration-ms="32894">
    <groups>
      <group name="purchase">
        <method signature="SubmitOrderTest.submitOrder(java.util.HashMap)[pri:0, instance:Priyankaacademy.SeleniumFrameworkDesign.SubmitOrderTest@61dd025]" name="submitOrder" class="Priyankaacademy.SeleniumFrameworkDesign.SubmitOrderTest"/>
      </group> <!-- purchase -->
      <group name="error">
        <method signature="ErrorValidations.ErrorCode()[pri:0, instance:Priyankaacademy.SeleniumFrameworkDesign.ErrorValidations@1677d1]" name="ErrorCode" class="Priyankaacademy.SeleniumFrameworkDesign.ErrorValidations"/>
      </group> <!-- error -->
    </groups>
    <test started-at="2024-03-27T09:22:08Z" name="ErrorValidationsTest" finished-at="2024-03-27T09:22:27Z" duration-ms="18618">
      <class name="Priyankaacademy.SeleniumFrameworkDesign.ErrorValidations">
        <test-method is-config="true" signature="launchApplication()[pri:0, instance:Priyankaacademy.SeleniumFrameworkDesign.ErrorValidations@1677d1]" started-at="2024-03-27T09:22:08Z" name="launchApplication" finished-at="2024-03-27T09:22:24Z" duration-ms="15672" status="PASS">
          <reporter-output>
          </reporter-output>
        </test-method> <!-- launchApplication -->
        <test-method signature="ErrorCode()[pri:0, instance:Priyankaacademy.SeleniumFrameworkDesign.ErrorValidations@1677d1]" started-at="2024-03-27T09:22:24Z" name="ErrorCode" finished-at="2024-03-27T09:22:26Z" duration-ms="1938" status="PASS">
          <reporter-output>
          </reporter-output>
        </test-method> <!-- ErrorCode -->
        <test-method is-config="true" signature="teardown()[pri:0, instance:Priyankaacademy.SeleniumFrameworkDesign.ErrorValidations@1677d1]" started-at="2024-03-27T09:22:26Z" name="teardown" finished-at="2024-03-27T09:22:27Z" duration-ms="939" status="PASS">
          <reporter-output>
          </reporter-output>
        </test-method> <!-- teardown -->
      </class> <!-- Priyankaacademy.SeleniumFrameworkDesign.ErrorValidations -->
    </test> <!-- ErrorValidationsTest -->
    <test started-at="2024-03-27T09:22:08Z" name="SubmitOrderTest" finished-at="2024-03-27T09:22:41Z" duration-ms="32894">
      <class name="Priyankaacademy.SeleniumFrameworkDesign.SubmitOrderTest">
        <test-method is-config="true" signature="launchApplication()[pri:0, instance:Priyankaacademy.SeleniumFrameworkDesign.SubmitOrderTest@61dd025]" started-at="2024-03-27T09:22:08Z" name="launchApplication" finished-at="2024-03-27T09:22:24Z" duration-ms="15688" status="PASS">
          <reporter-output>
          </reporter-output>
        </test-method> <!-- launchApplication -->
        <test-method signature="submitOrder(java.util.HashMap)[pri:0, instance:Priyankaacademy.SeleniumFrameworkDesign.SubmitOrderTest@61dd025]" started-at="2024-03-27T09:22:24Z" name="submitOrder" data-provider="getdata" finished-at="2024-03-27T09:22:32Z" duration-ms="7898" status="PASS">
          <params>
            <param index="0">
              <value>
                <![CDATA[{Product=ZARA COAT 3, password=Iamking@000, email=anshika@gmail.com}]]>
              </value>
            </param>
          </params>
          <reporter-output>
          </reporter-output>
        </test-method> <!-- submitOrder -->
        <test-method is-config="true" signature="teardown()[pri:0, instance:Priyankaacademy.SeleniumFrameworkDesign.SubmitOrderTest@61dd025]" started-at="2024-03-27T09:22:32Z" name="teardown" finished-at="2024-03-27T09:22:33Z" duration-ms="609" status="PASS">
          <reporter-output>
          </reporter-output>
        </test-method> <!-- teardown -->
        <test-method is-config="true" signature="launchApplication()[pri:0, instance:Priyankaacademy.SeleniumFrameworkDesign.SubmitOrderTest@61dd025]" started-at="2024-03-27T09:22:33Z" name="launchApplication" finished-at="2024-03-27T09:22:38Z" duration-ms="5644" status="PASS">
          <reporter-output>
          </reporter-output>
        </test-method> <!-- launchApplication -->
        <test-method signature="submitOrder(java.util.HashMap)[pri:0, instance:Priyankaacademy.SeleniumFrameworkDesign.SubmitOrderTest@61dd025]" started-at="2024-03-27T09:22:38Z" name="submitOrder" data-provider="getdata" finished-at="2024-03-27T09:22:41Z" duration-ms="2588" status="FAIL">
          <params>
            <param index="0">
              <value>
                <![CDATA[{Product=ADIDAS ORIGINAL, password=Iamking@000, email=anshika@gmail.com}]]>
              </value>
            </param>
          </params>
          <exception class="org.openqa.selenium.ElementClickInterceptedException">
            <message>
              <![CDATA[element click intercepted: Element <button _ngcontent-dkt-c34="" class="btn w-10 rounded" style="float: right;">...</button> is not clickable at point (687, 496). Other element would receive the click: <img _ngcontent-dkt-c34="" class="card-img-top" src="https://rahulshettyacademy.com/api/ecom/uploads/productImage_1711267192027.png">
  (Session info: chrome=123.0.6312.59)
Build info: version: '4.3.0', revision: 'a4995e2c09*'
System info: host: 'ANKUSH', ip: '192.168.0.184', os.name: 'Windows 10', os.arch: 'amd64', os.version: '10.0', java.version: '17.0.9'
Driver info: org.openqa.selenium.chrome.ChromeDriver
Command: [a5b0baca26395a7677efcca864e7865e, clickElement {id=f.CF456DC86E5B087CAA04B6AD55A20848.d.3421424135A56BD9EC84D4AAAAA603F3.e.89}]
Capabilities {acceptInsecureCerts: false, browserName: chrome, browserVersion: 123.0.6312.59, chrome: {chromedriverVersion: 122.0.6261.111 (9d4c1072da6..., userDataDir: C:\WINDOWS\SystemTemp\scope...}, fedcm:accounts: true, goog:chromeOptions: {debuggerAddress: localhost:57582}, networkConnectionEnabled: false, pageLoadStrategy: normal, platformName: WINDOWS, proxy: Proxy(), se:cdp: ws://localhost:57582/devtoo..., se:cdpVersion: 123.0.6312.59, setWindowRect: true, strictFileInteractability: false, timeouts: {implicit: 0, pageLoad: 300000, script: 30000}, unhandledPromptBehavior: dismiss and notify, webauthn:extension:credBlob: true, webauthn:extension:largeBlob: true, webauthn:extension:minPinLength: true, webauthn:extension:prf: true, webauthn:virtualAuthenticators: true}
Element: [[[[ChromeDriver: chrome on WINDOWS (a5b0baca26395a7677efcca864e7865e)] -> css selector: .mb-3]] -> css selector: .card-body button:last-of-type]
Session ID: a5b0baca26395a7677efcca864e7865e]]>
            </message>
            <full-stacktrace>
              <![CDATA[org.openqa.selenium.ElementClickInterceptedException: element click intercepted: Element <button _ngcontent-dkt-c34="" class="btn w-10 rounded" style="float: right;">...</button> is not clickable at point (687, 496). Other element would receive the click: <img _ngcontent-dkt-c34="" class="card-img-top" src="https://rahulshettyacademy.com/api/ecom/uploads/productImage_1711267192027.png">
  (Session info: chrome=123.0.6312.59)
Build info: version: '4.3.0', revision: 'a4995e2c09*'
System info: host: 'ANKUSH', ip: '192.168.0.184', os.name: 'Windows 10', os.arch: 'amd64', os.version: '10.0', java.version: '17.0.9'
Driver info: org.openqa.selenium.chrome.ChromeDriver
Command: [a5b0baca26395a7677efcca864e7865e, clickElement {id=f.CF456DC86E5B087CAA04B6AD55A20848.d.3421424135A56BD9EC84D4AAAAA603F3.e.89}]
Capabilities {acceptInsecureCerts: false, browserName: chrome, browserVersion: 123.0.6312.59, chrome: {chromedriverVersion: 122.0.6261.111 (9d4c1072da6..., userDataDir: C:\WINDOWS\SystemTemp\scope...}, fedcm:accounts: true, goog:chromeOptions: {debuggerAddress: localhost:57582}, networkConnectionEnabled: false, pageLoadStrategy: normal, platformName: WINDOWS, proxy: Proxy(), se:cdp: ws://localhost:57582/devtoo..., se:cdpVersion: 123.0.6312.59, setWindowRect: true, strictFileInteractability: false, timeouts: {implicit: 0, pageLoad: 300000, script: 30000}, unhandledPromptBehavior: dismiss and notify, webauthn:extension:credBlob: true, webauthn:extension:largeBlob: true, webauthn:extension:minPinLength: true, webauthn:extension:prf: true, webauthn:virtualAuthenticators: true}
Element: [[[[ChromeDriver: chrome on WINDOWS (a5b0baca26395a7677efcca864e7865e)] -> css selector: .mb-3]] -> css selector: .card-body button:last-of-type]
Session ID: a5b0baca26395a7677efcca864e7865e
at java.base/jdk.internal.reflect.NativeConstructorAccessorImpl.newInstance0(Native Method)
at java.base/jdk.internal.reflect.NativeConstructorAccessorImpl.newInstance(NativeConstructorAccessorImpl.java:77)
at java.base/jdk.internal.reflect.DelegatingConstructorAccessorImpl.newInstance(DelegatingConstructorAccessorImpl.java:45)
at java.base/java.lang.reflect.Constructor.newInstanceWithCaller(Constructor.java:499)
at java.base/java.lang.reflect.Constructor.newInstance(Constructor.java:480)
at org.openqa.selenium.remote.codec.w3c.W3CHttpResponseCodec.createException(W3CHttpResponseCodec.java:200)
at org.openqa.selenium.remote.codec.w3c.W3CHttpResponseCodec.decode(W3CHttpResponseCodec.java:133)
at org.openqa.selenium.remote.codec.w3c.W3CHttpResponseCodec.decode(W3CHttpResponseCodec.java:53)
at org.openqa.selenium.remote.HttpCommandExecutor.execute(HttpCommandExecutor.java:184)
at org.openqa.selenium.remote.service.DriverCommandExecutor.invokeExecute(DriverCommandExecutor.java:167)
at org.openqa.selenium.remote.service.DriverCommandExecutor.execute(DriverCommandExecutor.java:142)
at org.openqa.selenium.remote.RemoteWebDriver.execute(RemoteWebDriver.java:569)
at org.openqa.selenium.remote.RemoteWebElement.execute(RemoteWebElement.java:257)
at org.openqa.selenium.remote.RemoteWebElement.click(RemoteWebElement.java:78)
at Priyankaacademy.pageobjects.ProductCatalogue.addProductToCart(ProductCatalogue.java:55)
at Priyankaacademy.SeleniumFrameworkDesign.SubmitOrderTest.submitOrder(SubmitOrderTest.java:47)
at java.base/jdk.internal.reflect.NativeMethodAccessorImpl.invoke0(Native Method)
at java.base/jdk.internal.reflect.NativeMethodAccessorImpl.invoke(NativeMethodAccessorImpl.java:77)
at java.base/jdk.internal.reflect.DelegatingMethodAccessorImpl.invoke(DelegatingMethodAccessorImpl.java:43)
at java.base/java.lang.reflect.Method.invoke(Method.java:568)
at org.testng.internal.MethodInvocationHelper.invokeMethod(MethodInvocationHelper.java:124)
at org.testng.internal.Invoker.invokeMethod(Invoker.java:583)
at org.testng.internal.Invoker.invokeTestMethod(Invoker.java:719)
at org.testng.internal.Invoker.invokeTestMethods(Invoker.java:989)
at org.testng.internal.TestMethodWorker.invokeTestMethods(TestMethodWorker.java:125)
at org.testng.internal.TestMethodWorker.run(TestMethodWorker.java:109)
at org.testng.TestRunner.privateRun(TestRunner.java:648)
at org.testng.TestRunner.run(TestRunner.java:505)
at org.testng.SuiteRunner.runTest(SuiteRunner.java:455)
at org.testng.SuiteRunner.access$000(SuiteRunner.java:40)
at org.testng.SuiteRunner$SuiteWorker.run(SuiteRunner.java:489)
at org.testng.internal.thread.ThreadUtil$1.call(ThreadUtil.java:52)
at java.base/java.util.concurrent.FutureTask.run(FutureTask.java:264)
at java.base/java.util.concurrent.ThreadPoolExecutor.runWorker(ThreadPoolExecutor.java:1136)
at java.base/java.util.concurrent.ThreadPoolExecutor$Worker.run(ThreadPoolExecutor.java:635)
at java.base/java.lang.Thread.run(Thread.java:842)
]]>
            </full-stacktrace>
          </exception> <!-- org.openqa.selenium.ElementClickInterceptedException -->
          <reporter-output>
          </reporter-output>
        </test-method> <!-- submitOrder -->
        <test-method is-config="true" signature="teardown()[pri:0, instance:Priyankaacademy.SeleniumFrameworkDesign.SubmitOrderTest@61dd025]" started-at="2024-03-27T09:22:41Z" name="teardown" finished-at="2024-03-27T09:22:41Z" duration-ms="383" status="PASS">
          <reporter-output>
          </reporter-output>
        </test-method> <!-- teardown -->
      </class> <!-- Priyankaacademy.SeleniumFrameworkDesign.SubmitOrderTest -->
    </test> <!-- SubmitOrderTest -->
  </suite> <!-- Suite -->
</testng-results>
