<?xml version="1.0" encoding="UTF-8"?>
<testng-results skipped="0" failed="0" ignored="0" total="3" passed="3">
  <reporter-output>
  </reporter-output>
  <suite name="Default suite" duration-ms="450" started-at="2024-03-26T16:26:55Z" finished-at="2024-03-26T16:26:55Z">
    <groups>
    </groups>
    <test name="Default test" duration-ms="450" started-at="2024-03-26T16:26:55Z" finished-at="2024-03-26T16:26:55Z">
      <class name="Priyankaacademy.SeleniumFrameworkDesign.Question">
        <test-method status="PASS" signature="Interview()[pri:0, instance:Priyankaacademy.SeleniumFrameworkDesign.Question@4e9ba398]" name="Interview" duration-ms="88" started-at="2024-03-26T16:26:55Z" finished-at="2024-03-26T16:26:55Z">
          <reporter-output>
          </reporter-output>
        </test-method> <!-- Interview -->
        <test-method status="PASS" signature="Interviews()[pri:0, instance:Priyankaacademy.SeleniumFrameworkDesign.Question@4e9ba398]" name="Interviews" duration-ms="6" started-at="2024-03-26T16:26:55Z" finished-at="2024-03-26T16:26:55Z">
          <reporter-output>
          </reporter-output>
        </test-method> <!-- Interviews -->
        <test-method status="PASS" signature="Job()[pri:0, instance:Priyankaacademy.SeleniumFrameworkDesign.Question@4e9ba398]" name="Job" duration-ms="23" started-at="2024-03-26T16:26:55Z" finished-at="2024-03-26T16:26:55Z">
          <reporter-output>
          </reporter-output>
        </test-method> <!-- Job -->
      </class> <!-- Priyankaacademy.SeleniumFrameworkDesign.Question -->
    </test> <!-- Default test -->
  </suite> <!-- Default suite -->
</testng-results>
